2025-12-28 19:09:22,465 - Glimpse3D-Reconstruct - INFO - Starting Reconstruction Pipeline...
2025-12-28 19:09:22,465 - Glimpse3D-Reconstruct - ERROR - TripoSR (tsr) package not found. Please install it.
2025-12-28 19:09:22,465 - Glimpse3D-Reconstruct - INFO - Preprocessing image: dummy_input.png
2025-12-28 19:09:22,504 - Glimpse3D-Reconstruct - WARNING - rembg not installed. Skipping background removal. Ensure input is RGBA with clear BG.
2025-12-28 19:09:22,505 - Glimpse3D-Reconstruct - INFO - Running inference...
2025-12-28 19:09:22,505 - Glimpse3D-Reconstruct - WARNING - Using Dummy Mesh (Sphere/Cube) for testing.
2025-12-28 19:09:22,506 - Glimpse3D-Reconstruct - INFO - Sampling points and exporting to test_output.ply...
2025-12-28 19:09:22,506 - Glimpse3D-Reconstruct - INFO - Upsampling dummy mesh...
2025-12-28 19:09:22,509 - Glimpse3D-Reconstruct - INFO - Generated 1000 Gaussians.
2025-12-28 19:09:22,513 - Glimpse3D-Reconstruct - INFO - PLY saved to test_output.ply
2025-12-28 19:09:22,514 - Glimpse3D-Reconstruct - INFO - Reconstruction Complete!
2025-12-28 19:29:38,513 - Glimpse3D-Reconstruct - INFO - Starting Reconstruction Pipeline...
2025-12-28 19:29:38,514 - Glimpse3D-Reconstruct - ERROR - TripoSR (tsr) package not found. Please install it.
2025-12-28 19:29:38,514 - Glimpse3D-Reconstruct - INFO - Preprocessing image: dummy_input.png
2025-12-28 19:29:38,534 - Glimpse3D-Reconstruct - WARNING - rembg not installed. Skipping background removal. Ensure input is RGBA with clear BG.
2025-12-28 19:29:38,535 - Glimpse3D-Reconstruct - INFO - Running inference...
2025-12-28 19:29:38,535 - Glimpse3D-Reconstruct - WARNING - Using Dummy Mesh (Sphere/Cube) for testing.
2025-12-28 19:29:38,536 - Glimpse3D-Reconstruct - INFO - Sampling points and exporting to test_output_branch.ply...
2025-12-28 19:29:38,536 - Glimpse3D-Reconstruct - INFO - Upsampling dummy mesh...
2025-12-28 19:29:38,538 - Glimpse3D-Reconstruct - INFO - Generated 1000 Gaussians.
2025-12-28 19:29:38,543 - Glimpse3D-Reconstruct - INFO - PLY saved to test_output_branch.ply
2025-12-28 19:29:38,544 - Glimpse3D-Reconstruct - INFO - Reconstruction Complete!
