2026-01-17 14:33:08,119 - Glimpse3D-Reconstruct - INFO - Starting Reconstruction Pipeline...
2026-01-17 14:33:08,119 - Glimpse3D-Reconstruct - INFO - Loading TripoSR model...
2026-01-17 14:33:39,660 - Glimpse3D-Reconstruct - INFO - Model loaded successfully on cuda:0
2026-01-17 14:33:39,660 - Glimpse3D-Reconstruct - INFO - Preprocessing image: E:\SEM 3\EL\Glimpse3D\assets\uploads\7136102275371247539_input.png
2026-01-17 14:33:39,722 - Glimpse3D-Reconstruct - INFO - Removing background using rembg...
2026-01-17 14:33:41,594 - Glimpse3D-Reconstruct - INFO - Running inference...
2026-01-17 14:33:41,736 - Glimpse3D-Reconstruct - ERROR - Inference failed (fallback to dummy): The size of tensor a (4) must match the size of tensor b (3) at non-singleton dimension 2
2026-01-17 14:33:41,736 - Glimpse3D-Reconstruct - WARNING - Using Dummy Mesh (Sphere/Cube) for testing.
2026-01-17 14:33:41,736 - Glimpse3D-Reconstruct - INFO - Sampling points and exporting to C:\Users\asus\AppData\Local\Temp\glimpse3d_generation_l32ct2y6\reconstructed.ply...
2026-01-17 14:33:41,736 - Glimpse3D-Reconstruct - INFO - Upsampling dummy mesh...
2026-01-17 14:33:41,738 - Glimpse3D-Reconstruct - INFO - Generated 1000 Gaussians.
2026-01-17 14:33:41,738 - Glimpse3D-Reconstruct - INFO - PLY saved to C:\Users\asus\AppData\Local\Temp\glimpse3d_generation_l32ct2y6\reconstructed.ply
2026-01-17 14:33:41,738 - Glimpse3D-Reconstruct - INFO - Reconstruction Complete!
2026-01-17 14:45:26,911 - Glimpse3D-Reconstruct - INFO - Starting Reconstruction Pipeline...
2026-01-17 14:45:26,911 - Glimpse3D-Reconstruct - INFO - Loading TripoSR model...
2026-01-17 14:45:52,648 - Glimpse3D-Reconstruct - INFO - Model loaded successfully on cuda:0
2026-01-17 14:45:52,648 - Glimpse3D-Reconstruct - INFO - Preprocessing image: E:\SEM 3\EL\Glimpse3D\assets\uploads\-6576181226035178052_chair.jpg
2026-01-17 14:45:52,726 - Glimpse3D-Reconstruct - INFO - Removing background using rembg...
2026-01-17 14:45:58,722 - Glimpse3D-Reconstruct - INFO - Running inference...
2026-01-17 14:45:59,051 - Glimpse3D-Reconstruct - ERROR - Inference failed (fallback to dummy): The size of tensor a (4) must match the size of tensor b (3) at non-singleton dimension 2
2026-01-17 14:45:59,051 - Glimpse3D-Reconstruct - WARNING - Using Dummy Mesh (Sphere/Cube) for testing.
2026-01-17 14:45:59,051 - Glimpse3D-Reconstruct - INFO - Sampling points and exporting to E:\SEM 3\EL\Glimpse3D\assets\outputs\gen_973503\reconstructed.ply...
2026-01-17 14:45:59,054 - Glimpse3D-Reconstruct - INFO - Upsampling dummy mesh...
2026-01-17 14:45:59,055 - Glimpse3D-Reconstruct - INFO - Generated 1000 Gaussians.
2026-01-17 14:45:59,058 - Glimpse3D-Reconstruct - INFO - PLY saved to E:\SEM 3\EL\Glimpse3D\assets\outputs\gen_973503\reconstructed.ply
2026-01-17 14:45:59,058 - Glimpse3D-Reconstruct - INFO - Reconstruction Complete!
2026-01-17 14:46:46,608 - Glimpse3D-Train - INFO - === Phase 1: Cold Start Reconstruction ===
2026-01-17 14:46:46,608 - Glimpse3D-Train - INFO - Initial PLY found at E:\SEM 3\EL\Glimpse3D\assets\outputs\gen_973503\reconstructed.ply, skipping reconstruction.
2026-01-17 14:46:46,608 - Glimpse3D-Train - INFO - === Phase 3: Optimization Loop ===
2026-01-17 14:46:46,610 - Glimpse3D-Train - INFO - Loading Gaussian Model from E:\SEM 3\EL\Glimpse3D\assets\outputs\gen_973503\reconstructed.ply
2026-01-17 14:46:48,180 - Glimpse3D-Train - INFO - Starting Refinement for 100 iterations...
2026-01-17 14:46:53,584 - Glimpse3D-Optimize - ERROR - Rasterization failed: Command '['where', 'cl']' returned non-zero exit status 1.
2026-01-17 14:46:53,584 - Glimpse3D-Train - ERROR - Optimization Failed: Command '['where', 'cl']' returned non-zero exit status 1.
2026-01-17 14:49:06,737 - Glimpse3D-Reconstruct - INFO - Starting Reconstruction Pipeline...
2026-01-17 14:49:06,737 - Glimpse3D-Reconstruct - INFO - Loading TripoSR model...
2026-01-17 14:49:35,190 - Glimpse3D-Reconstruct - INFO - Model loaded successfully on cuda:0
2026-01-17 14:49:35,193 - Glimpse3D-Reconstruct - INFO - Preprocessing image: E:\SEM 3\EL\Glimpse3D\assets\uploads\-6576181226035178052_chair.jpg
2026-01-17 14:49:35,289 - Glimpse3D-Reconstruct - INFO - Removing background using rembg...
2026-01-17 14:49:43,160 - Glimpse3D-Reconstruct - INFO - Running inference...
2026-01-17 14:49:43,517 - Glimpse3D-Reconstruct - ERROR - Inference failed (fallback to dummy): The size of tensor a (4) must match the size of tensor b (3) at non-singleton dimension 2
2026-01-17 14:49:43,519 - Glimpse3D-Reconstruct - WARNING - Using Dummy Mesh (Sphere/Cube) for testing.
2026-01-17 14:49:43,520 - Glimpse3D-Reconstruct - INFO - Sampling points and exporting to E:\SEM 3\EL\Glimpse3D\assets\outputs\gen_973503\reconstructed.ply...
2026-01-17 14:49:43,520 - Glimpse3D-Reconstruct - INFO - Upsampling dummy mesh...
2026-01-17 14:49:43,521 - Glimpse3D-Reconstruct - INFO - Generated 1000 Gaussians.
2026-01-17 14:49:43,527 - Glimpse3D-Reconstruct - INFO - PLY saved to E:\SEM 3\EL\Glimpse3D\assets\outputs\gen_973503\reconstructed.ply
2026-01-17 14:49:43,527 - Glimpse3D-Reconstruct - INFO - Reconstruction Complete!
2026-01-17 14:49:57,537 - Glimpse3D-Train - INFO - === Phase 1: Cold Start Reconstruction ===
2026-01-17 14:49:57,537 - Glimpse3D-Train - INFO - Initial PLY found at E:\SEM 3\EL\Glimpse3D\assets\outputs\gen_973503\reconstructed.ply, skipping reconstruction.
2026-01-17 14:49:57,537 - Glimpse3D-Train - INFO - === Phase 3: Optimization Loop ===
2026-01-17 14:49:57,537 - Glimpse3D-Train - INFO - Loading Gaussian Model from E:\SEM 3\EL\Glimpse3D\assets\outputs\gen_973503\reconstructed.ply
2026-01-17 14:49:59,123 - Glimpse3D-Train - INFO - Starting Refinement for 100 iterations...
2026-01-17 14:50:04,756 - Glimpse3D-Optimize - ERROR - Rasterization failed: Command '['where', 'cl']' returned non-zero exit status 1.
2026-01-17 14:50:04,757 - Glimpse3D-Train - ERROR - Optimization Failed: Command '['where', 'cl']' returned non-zero exit status 1.
2026-01-17 14:54:48,216 - Glimpse3D-Reconstruct - INFO - Starting Reconstruction Pipeline...
2026-01-17 14:54:48,219 - Glimpse3D-Reconstruct - INFO - Loading TripoSR model...
2026-01-17 14:55:29,306 - Glimpse3D-Reconstruct - INFO - Model loaded successfully on cuda:0
2026-01-17 14:55:29,306 - Glimpse3D-Reconstruct - INFO - Preprocessing image: E:\SEM 3\EL\Glimpse3D\assets\uploads\-6576181226035178052_chair.jpg
2026-01-17 14:55:29,385 - Glimpse3D-Reconstruct - INFO - Removing background using rembg...
2026-01-17 14:55:38,575 - Glimpse3D-Reconstruct - INFO - Running inference...
2026-01-17 14:55:39,069 - Glimpse3D-Reconstruct - ERROR - Inference failed (fallback to dummy): The size of tensor a (4) must match the size of tensor b (3) at non-singleton dimension 2
2026-01-17 14:55:39,070 - Glimpse3D-Reconstruct - WARNING - Using Dummy Mesh (Sphere/Cube) for testing.
2026-01-17 14:55:39,070 - Glimpse3D-Reconstruct - INFO - Sampling points and exporting to E:\SEM 3\EL\Glimpse3D\assets\outputs\gen_973503\reconstructed.ply...
2026-01-17 14:55:39,071 - Glimpse3D-Reconstruct - INFO - Upsampling dummy mesh...
2026-01-17 14:55:39,072 - Glimpse3D-Reconstruct - INFO - Generated 1000 Gaussians.
2026-01-17 14:55:39,074 - Glimpse3D-Reconstruct - INFO - PLY saved to E:\SEM 3\EL\Glimpse3D\assets\outputs\gen_973503\reconstructed.ply
2026-01-17 14:55:39,076 - Glimpse3D-Reconstruct - INFO - Reconstruction Complete!
2026-01-17 14:55:53,950 - Glimpse3D-Train - INFO - === Phase 1: Cold Start Reconstruction ===
2026-01-17 14:55:53,954 - Glimpse3D-Train - INFO - Initial PLY found at E:\SEM 3\EL\Glimpse3D\assets\outputs\gen_973503\reconstructed.ply, skipping reconstruction.
2026-01-17 14:55:53,954 - Glimpse3D-Train - INFO - === Phase 3: Optimization Loop ===
2026-01-17 14:55:53,955 - Glimpse3D-Train - INFO - Loading Gaussian Model from E:\SEM 3\EL\Glimpse3D\assets\outputs\gen_973503\reconstructed.ply
2026-01-17 14:55:55,537 - Glimpse3D-Train - INFO - Starting Refinement for 100 iterations...
2026-01-17 14:56:01,905 - Glimpse3D-Optimize - ERROR - Rasterization failed: Command '['where', 'cl']' returned non-zero exit status 1.
2026-01-17 14:56:01,905 - Glimpse3D-Train - ERROR - Optimization Failed: Command '['where', 'cl']' returned non-zero exit status 1.
2026-01-17 14:56:56,600 - Glimpse3D-Reconstruct - INFO - Starting Reconstruction Pipeline...
2026-01-17 14:56:56,600 - Glimpse3D-Reconstruct - INFO - Loading TripoSR model...
2026-01-17 14:57:14,310 - Glimpse3D-Reconstruct - INFO - Model loaded successfully on cuda:0
2026-01-17 14:57:14,311 - Glimpse3D-Reconstruct - INFO - Preprocessing image: E:\SEM 3\EL\Glimpse3D\assets\uploads\-6576181226035178052_chair.jpg
2026-01-17 14:57:14,360 - Glimpse3D-Reconstruct - INFO - Removing background using rembg...
2026-01-17 14:57:17,074 - Glimpse3D-Reconstruct - INFO - Running inference...
2026-01-17 14:57:17,410 - Glimpse3D-Reconstruct - ERROR - Inference failed (fallback to dummy): The size of tensor a (4) must match the size of tensor b (3) at non-singleton dimension 2
2026-01-17 14:57:17,410 - Glimpse3D-Reconstruct - WARNING - Using Dummy Mesh (Sphere/Cube) for testing.
2026-01-17 14:57:17,410 - Glimpse3D-Reconstruct - INFO - Sampling points and exporting to E:\SEM 3\EL\Glimpse3D\assets\outputs\gen_973503\reconstructed.ply...
2026-01-17 14:57:17,410 - Glimpse3D-Reconstruct - INFO - Upsampling dummy mesh...
2026-01-17 14:57:17,410 - Glimpse3D-Reconstruct - INFO - Generated 1000 Gaussians.
2026-01-17 14:57:17,417 - Glimpse3D-Reconstruct - INFO - PLY saved to E:\SEM 3\EL\Glimpse3D\assets\outputs\gen_973503\reconstructed.ply
2026-01-17 14:57:17,417 - Glimpse3D-Reconstruct - INFO - Reconstruction Complete!
2026-01-17 14:57:33,870 - Glimpse3D-Train - INFO - === Phase 1: Cold Start Reconstruction ===
2026-01-17 14:57:33,872 - Glimpse3D-Train - INFO - Initial PLY found at E:\SEM 3\EL\Glimpse3D\assets\outputs\gen_973503\reconstructed.ply, skipping reconstruction.
2026-01-17 14:57:33,872 - Glimpse3D-Train - INFO - === Phase 3: Optimization Loop ===
2026-01-17 14:57:33,872 - Glimpse3D-Train - INFO - Loading Gaussian Model from E:\SEM 3\EL\Glimpse3D\assets\outputs\gen_973503\reconstructed.ply
2026-01-17 14:57:35,495 - Glimpse3D-Train - INFO - Starting Refinement for 100 iterations...
2026-01-17 14:57:43,148 - Glimpse3D-Optimize - ERROR - Rasterization failed: Command '['where', 'cl']' returned non-zero exit status 1.
2026-01-17 14:57:43,148 - Glimpse3D-Train - ERROR - Optimization Failed: Command '['where', 'cl']' returned non-zero exit status 1.
2026-01-17 15:44:46,578 - Glimpse3D-Reconstruct - INFO - Starting Reconstruction Pipeline...
2026-01-17 15:44:46,578 - Glimpse3D-Reconstruct - INFO - Loading TripoSR model...
2026-01-17 15:45:25,177 - Glimpse3D-Reconstruct - INFO - Model loaded successfully on cuda:0
2026-01-17 15:45:25,273 - Glimpse3D-Reconstruct - INFO - Preprocessing image: e:\SEM 3\EL\Glimpse3D\assets\input_images\input.png
2026-01-17 15:45:25,737 - Glimpse3D-Reconstruct - INFO - Removing background using rembg...
2026-01-17 15:45:44,885 - Glimpse3D-Reconstruct - INFO - Running inference...
2026-01-17 15:45:59,232 - Glimpse3D-Reconstruct - INFO - Sampling points and exporting to E:\SEM 3\EL\Glimpse3D\assets\outputs\gen_158921\reconstructed.ply...
2026-01-17 15:45:59,490 - Glimpse3D-Reconstruct - INFO - Generated 100000 Gaussians.
2026-01-17 15:45:59,868 - Glimpse3D-Reconstruct - INFO - PLY saved to E:\SEM 3\EL\Glimpse3D\assets\outputs\gen_158921\reconstructed.ply
2026-01-17 15:45:59,874 - Glimpse3D-Reconstruct - INFO - Reconstruction Complete!
2026-01-17 15:46:47,695 - Glimpse3D-Train - INFO - === Phase 1: Cold Start Reconstruction ===
2026-01-17 15:46:47,695 - Glimpse3D-Train - INFO - Initial PLY found at E:\SEM 3\EL\Glimpse3D\assets\outputs\gen_158921\reconstructed.ply, skipping reconstruction.
2026-01-17 15:46:47,697 - Glimpse3D-Train - INFO - === Phase 3: Optimization Loop ===
2026-01-17 15:46:47,697 - Glimpse3D-Train - INFO - Loading Gaussian Model from E:\SEM 3\EL\Glimpse3D\assets\outputs\gen_158921\reconstructed.ply
2026-01-17 15:46:49,427 - Glimpse3D-Train - INFO - Starting Refinement for 100 iterations...
2026-01-17 15:46:56,733 - Glimpse3D-Optimize - ERROR - Rasterization failed: Command '['where', 'cl']' returned non-zero exit status 1.
2026-01-17 15:46:56,733 - Glimpse3D-Train - ERROR - Optimization Failed: Command '['where', 'cl']' returned non-zero exit status 1.
2026-01-17 16:08:45,580 - Glimpse3D-Reconstruct - INFO - Starting Reconstruction Pipeline...
2026-01-17 16:08:45,580 - Glimpse3D-Reconstruct - INFO - Loading TripoSR model...
2026-01-17 16:09:16,280 - Glimpse3D-Reconstruct - INFO - Model loaded successfully on cuda:0
2026-01-17 16:09:16,281 - Glimpse3D-Reconstruct - INFO - Preprocessing image: E:\SEM 3\EL\Glimpse3D\assets\uploads\-6576181226035178052_chair.jpg
2026-01-17 16:09:16,360 - Glimpse3D-Reconstruct - INFO - Removing background using rembg...
2026-01-17 16:09:26,755 - Glimpse3D-Reconstruct - INFO - Running inference...
2026-01-17 16:09:35,465 - Glimpse3D-Reconstruct - INFO - Sampling points and exporting to E:\SEM 3\EL\Glimpse3D\assets\outputs\gen_973503\reconstructed.ply...
2026-01-17 16:09:35,605 - Glimpse3D-Reconstruct - INFO - Generated 100000 Gaussians.
2026-01-17 16:09:35,775 - Glimpse3D-Reconstruct - INFO - PLY saved to E:\SEM 3\EL\Glimpse3D\assets\outputs\gen_973503\reconstructed.ply
2026-01-17 16:09:35,780 - Glimpse3D-Reconstruct - INFO - Reconstruction Complete!
2026-01-17 16:09:51,457 - Glimpse3D-Train - INFO - === Phase 1: Cold Start Reconstruction ===
2026-01-17 16:09:51,457 - Glimpse3D-Train - INFO - Initial PLY found at E:\SEM 3\EL\Glimpse3D\assets\outputs\gen_973503\reconstructed.ply, skipping reconstruction.
2026-01-17 16:09:51,457 - Glimpse3D-Train - INFO - === Phase 3: Optimization Loop ===
2026-01-17 16:09:51,457 - Glimpse3D-Train - INFO - Loading Gaussian Model from E:\SEM 3\EL\Glimpse3D\assets\outputs\gen_973503\reconstructed.ply
2026-01-17 16:09:53,148 - Glimpse3D-Train - INFO - Starting Refinement for 100 iterations...
2026-01-17 16:09:58,716 - Glimpse3D-Optimize - ERROR - Rasterization failed: Command '['where', 'cl']' returned non-zero exit status 1.
2026-01-17 16:09:58,717 - Glimpse3D-Train - ERROR - Optimization Failed: Command '['where', 'cl']' returned non-zero exit status 1.
2026-01-17 16:15:26,158 - Glimpse3D-Reconstruct - INFO - Starting Reconstruction Pipeline...
2026-01-17 16:15:26,158 - Glimpse3D-Reconstruct - INFO - Loading TripoSR model...
2026-01-17 16:15:57,029 - Glimpse3D-Reconstruct - INFO - Model loaded successfully on cuda:0
2026-01-17 16:15:57,029 - Glimpse3D-Reconstruct - INFO - Preprocessing image: E:\SEM 3\EL\Glimpse3D\assets\uploads\1586679589447083833_chair.jpg
2026-01-17 16:15:57,291 - Glimpse3D-Reconstruct - INFO - Removing background using rembg...
2026-01-17 16:16:07,037 - Glimpse3D-Reconstruct - INFO - Running inference...
2026-01-17 16:16:15,707 - Glimpse3D-Reconstruct - INFO - Sampling points and exporting to E:\SEM 3\EL\Glimpse3D\assets\outputs\gen_157695\reconstructed.ply...
2026-01-17 16:16:15,854 - Glimpse3D-Reconstruct - INFO - Generated 100000 Gaussians.
2026-01-17 16:16:16,041 - Glimpse3D-Reconstruct - INFO - PLY saved to E:\SEM 3\EL\Glimpse3D\assets\outputs\gen_157695\reconstructed.ply
2026-01-17 16:16:16,048 - Glimpse3D-Reconstruct - INFO - Reconstruction Complete!
2026-01-17 16:16:33,927 - Glimpse3D-Train - INFO - === Phase 1: Cold Start Reconstruction ===
2026-01-17 16:16:33,927 - Glimpse3D-Train - INFO - Initial PLY found at E:\SEM 3\EL\Glimpse3D\assets\outputs\gen_157695\reconstructed.ply, skipping reconstruction.
2026-01-17 16:16:33,927 - Glimpse3D-Train - INFO - === Phase 3: Optimization Loop ===
2026-01-17 16:16:33,927 - Glimpse3D-Train - INFO - Loading Gaussian Model from E:\SEM 3\EL\Glimpse3D\assets\outputs\gen_157695\reconstructed.ply
2026-01-17 16:16:35,672 - Glimpse3D-Train - INFO - Starting Refinement for 100 iterations...
2026-01-17 16:16:41,123 - Glimpse3D-Optimize - ERROR - Rasterization failed: Command '['where', 'cl']' returned non-zero exit status 1.
2026-01-17 16:16:41,124 - Glimpse3D-Train - ERROR - Optimization Failed: Command '['where', 'cl']' returned non-zero exit status 1.
2026-01-17 16:16:52,898 - Glimpse3D-Reconstruct - INFO - Starting Reconstruction Pipeline...
2026-01-17 16:16:52,900 - Glimpse3D-Reconstruct - INFO - Loading TripoSR model...
2026-01-17 16:17:18,098 - Glimpse3D-Reconstruct - INFO - Model loaded successfully on cuda:0
2026-01-17 16:17:18,098 - Glimpse3D-Reconstruct - INFO - Preprocessing image: E:\SEM 3\EL\Glimpse3D\assets\uploads\1586679589447083833_chair.jpg
2026-01-17 16:17:18,206 - Glimpse3D-Reconstruct - INFO - Removing background using rembg...
2026-01-17 16:17:29,379 - Glimpse3D-Reconstruct - INFO - Running inference...
2026-01-17 16:17:38,901 - Glimpse3D-Reconstruct - INFO - Sampling points and exporting to E:\SEM 3\EL\Glimpse3D\assets\outputs\gen_157695\reconstructed.ply...
2026-01-17 16:17:39,099 - Glimpse3D-Reconstruct - INFO - Generated 100000 Gaussians.
2026-01-17 16:17:39,277 - Glimpse3D-Reconstruct - INFO - PLY saved to E:\SEM 3\EL\Glimpse3D\assets\outputs\gen_157695\reconstructed.ply
2026-01-17 16:17:39,287 - Glimpse3D-Reconstruct - INFO - Reconstruction Complete!
2026-01-17 16:17:53,354 - Glimpse3D-Train - INFO - === Phase 1: Cold Start Reconstruction ===
2026-01-17 16:17:53,354 - Glimpse3D-Train - INFO - Initial PLY found at E:\SEM 3\EL\Glimpse3D\assets\outputs\gen_157695\reconstructed.ply, skipping reconstruction.
2026-01-17 16:17:53,354 - Glimpse3D-Train - INFO - === Phase 3: Optimization Loop ===
2026-01-17 16:17:53,355 - Glimpse3D-Train - INFO - Loading Gaussian Model from E:\SEM 3\EL\Glimpse3D\assets\outputs\gen_157695\reconstructed.ply
2026-01-17 16:17:55,174 - Glimpse3D-Train - INFO - Starting Refinement for 100 iterations...
2026-01-17 16:18:00,655 - Glimpse3D-Optimize - ERROR - Rasterization failed: Command '['where', 'cl']' returned non-zero exit status 1.
2026-01-17 16:18:00,655 - Glimpse3D-Train - ERROR - Optimization Failed: Command '['where', 'cl']' returned non-zero exit status 1.
2026-01-17 16:20:44,330 - Glimpse3D-Reconstruct - INFO - Starting Reconstruction Pipeline...
2026-01-17 16:20:44,330 - Glimpse3D-Reconstruct - INFO - Loading TripoSR model...
2026-01-17 16:21:09,647 - Glimpse3D-Reconstruct - INFO - Model loaded successfully on cuda:0
2026-01-17 16:21:09,647 - Glimpse3D-Reconstruct - INFO - Preprocessing image: E:\SEM 3\EL\Glimpse3D\assets\uploads\1586679589447083833_chair.jpg
2026-01-17 16:21:09,718 - Glimpse3D-Reconstruct - INFO - Removing background using rembg...
2026-01-17 16:21:16,988 - Glimpse3D-Reconstruct - INFO - Running inference...
2026-01-17 16:21:24,623 - Glimpse3D-Reconstruct - INFO - Sampling points and exporting to E:\SEM 3\EL\Glimpse3D\assets\outputs\gen_157695\reconstructed.ply...
2026-01-17 16:21:24,770 - Glimpse3D-Reconstruct - INFO - Generated 100000 Gaussians.
2026-01-17 16:21:24,960 - Glimpse3D-Reconstruct - INFO - PLY saved to E:\SEM 3\EL\Glimpse3D\assets\outputs\gen_157695\reconstructed.ply
2026-01-17 16:21:24,965 - Glimpse3D-Reconstruct - INFO - Reconstruction Complete!
2026-01-17 16:21:39,864 - Glimpse3D-Train - INFO - === Phase 1: Cold Start Reconstruction ===
2026-01-17 16:21:39,864 - Glimpse3D-Train - INFO - Initial PLY found at E:\SEM 3\EL\Glimpse3D\assets\outputs\gen_157695\reconstructed.ply, skipping reconstruction.
2026-01-17 16:21:39,864 - Glimpse3D-Train - INFO - === Phase 3: Optimization Loop ===
2026-01-17 16:21:39,864 - Glimpse3D-Train - INFO - Loading Gaussian Model from E:\SEM 3\EL\Glimpse3D\assets\outputs\gen_157695\reconstructed.ply
2026-01-17 16:21:41,724 - Glimpse3D-Train - INFO - Starting Refinement for 100 iterations...
2026-01-17 16:21:48,245 - Glimpse3D-Optimize - ERROR - Rasterization failed: Command '['where', 'cl']' returned non-zero exit status 1.
2026-01-17 16:21:48,245 - Glimpse3D-Train - ERROR - Optimization Failed: Command '['where', 'cl']' returned non-zero exit status 1.
2026-01-17 16:33:18,329 - Glimpse3D-Reconstruct - INFO - Starting Reconstruction Pipeline...
2026-01-17 16:33:18,329 - Glimpse3D-Reconstruct - INFO - Loading TripoSR model...
2026-01-17 16:33:46,385 - Glimpse3D-Reconstruct - INFO - Model loaded successfully on cuda:0
2026-01-17 16:33:46,387 - Glimpse3D-Reconstruct - INFO - Preprocessing image: E:\SEM 3\EL\Glimpse3D\assets\uploads\-8067923609842863486_chair.jpg
2026-01-17 16:33:46,454 - Glimpse3D-Reconstruct - INFO - Removing background using rembg...
2026-01-17 16:33:54,475 - Glimpse3D-Reconstruct - INFO - Running inference...
2026-01-17 16:34:02,644 - Glimpse3D-Reconstruct - INFO - Sampling points and exporting to E:\SEM 3\EL\Glimpse3D\assets\outputs\gen_120404\reconstructed.ply...
2026-01-17 16:34:02,871 - Glimpse3D-Reconstruct - INFO - Generated 100000 Gaussians.
2026-01-17 16:34:03,355 - Glimpse3D-Reconstruct - INFO - PLY saved to E:\SEM 3\EL\Glimpse3D\assets\outputs\gen_120404\reconstructed.ply
2026-01-17 16:34:03,366 - Glimpse3D-Reconstruct - INFO - Reconstruction Complete!
2026-01-17 16:34:45,918 - Glimpse3D-Train - INFO - === Phase 1: Cold Start Reconstruction ===
2026-01-17 16:34:45,918 - Glimpse3D-Train - INFO - Initial PLY found at E:\SEM 3\EL\Glimpse3D\assets\outputs\gen_120404\reconstructed.ply, skipping reconstruction.
2026-01-17 16:34:45,918 - Glimpse3D-Train - INFO - === Phase 3: Optimization Loop ===
2026-01-17 16:34:45,918 - Glimpse3D-Train - INFO - Loading Gaussian Model from E:\SEM 3\EL\Glimpse3D\assets\outputs\gen_120404\reconstructed.ply
2026-01-17 16:38:44,586 - Glimpse3D-Reconstruct - INFO - Starting Reconstruction Pipeline...
2026-01-17 16:38:44,586 - Glimpse3D-Reconstruct - INFO - Loading TripoSR model...
2026-01-17 16:39:08,628 - Glimpse3D-Reconstruct - INFO - Model loaded successfully on cuda:0
2026-01-17 16:39:08,628 - Glimpse3D-Reconstruct - INFO - Preprocessing image: E:\SEM 3\EL\Glimpse3D\assets\uploads\-8067923609842863486_chair.jpg
2026-01-17 16:39:08,695 - Glimpse3D-Reconstruct - INFO - Removing background using rembg...
2026-01-17 16:39:14,765 - Glimpse3D-Reconstruct - INFO - Running inference...
2026-01-17 16:39:22,753 - Glimpse3D-Reconstruct - INFO - Sampling points and exporting to E:\SEM 3\EL\Glimpse3D\assets\outputs\gen_120404\reconstructed.ply...
2026-01-17 16:39:22,910 - Glimpse3D-Reconstruct - INFO - Generated 100000 Gaussians.
2026-01-17 16:39:23,375 - Glimpse3D-Reconstruct - INFO - PLY saved to E:\SEM 3\EL\Glimpse3D\assets\outputs\gen_120404\reconstructed.ply
2026-01-17 16:39:23,405 - Glimpse3D-Reconstruct - INFO - Reconstruction Complete!
2026-01-17 16:39:37,773 - Glimpse3D-Train - INFO - === Phase 1: Cold Start Reconstruction ===
2026-01-17 16:39:37,773 - Glimpse3D-Train - INFO - Initial PLY found at E:\SEM 3\EL\Glimpse3D\assets\outputs\gen_120404\reconstructed.ply, skipping reconstruction.
2026-01-17 16:39:37,773 - Glimpse3D-Train - INFO - === Phase 3: Optimization Loop ===
2026-01-17 16:39:37,774 - Glimpse3D-Train - INFO - Loading Gaussian Model from E:\SEM 3\EL\Glimpse3D\assets\outputs\gen_120404\reconstructed.ply
2026-01-17 16:47:09,122 - Glimpse3D-Reconstruct - INFO - Starting Reconstruction Pipeline...
2026-01-17 16:47:09,122 - Glimpse3D-Reconstruct - INFO - Loading TripoSR model...
2026-01-17 16:47:45,940 - Glimpse3D-Reconstruct - INFO - Model loaded successfully on cuda:0
2026-01-17 16:47:45,941 - Glimpse3D-Reconstruct - INFO - Preprocessing image: E:\SEM 3\EL\Glimpse3D\assets\uploads\-6576181226035178052_chair.jpg
2026-01-17 16:47:46,077 - Glimpse3D-Reconstruct - INFO - Removing background using rembg...
2026-01-17 16:47:57,604 - Glimpse3D-Reconstruct - INFO - Running inference...
2026-01-17 16:48:07,219 - Glimpse3D-Reconstruct - INFO - Sampling points and exporting to E:\SEM 3\EL\Glimpse3D\assets\outputs\gen_973503\reconstructed.ply...
2026-01-17 16:48:07,432 - Glimpse3D-Reconstruct - INFO - Generated 100000 Gaussians.
2026-01-17 16:48:07,777 - Glimpse3D-Reconstruct - INFO - PLY saved to E:\SEM 3\EL\Glimpse3D\assets\outputs\gen_973503\reconstructed.ply
2026-01-17 16:48:07,785 - Glimpse3D-Reconstruct - INFO - Reconstruction Complete!
2026-01-17 16:48:29,737 - Glimpse3D-Train - INFO - === Phase 1: Cold Start Reconstruction ===
2026-01-17 16:48:29,737 - Glimpse3D-Train - INFO - Initial PLY found at E:\SEM 3\EL\Glimpse3D\assets\outputs\gen_973503\reconstructed.ply, skipping reconstruction.
2026-01-17 16:48:29,737 - Glimpse3D-Train - INFO - === Phase 3: Optimization Loop ===
2026-01-17 16:48:29,737 - Glimpse3D-Train - INFO - Loading Gaussian Model from E:\SEM 3\EL\Glimpse3D\assets\outputs\gen_973503\reconstructed.ply
2026-01-17 16:54:05,350 - Glimpse3D-Reconstruct - INFO - Starting Reconstruction Pipeline...
2026-01-17 16:54:05,350 - Glimpse3D-Reconstruct - INFO - Loading TripoSR model...
2026-01-17 16:54:28,558 - Glimpse3D-Reconstruct - INFO - Model loaded successfully on cuda:0
2026-01-17 16:54:28,558 - Glimpse3D-Reconstruct - INFO - Preprocessing image: E:\SEM 3\EL\Glimpse3D\assets\uploads\-4784636072476377073_test_image.png
2026-01-17 16:54:28,635 - Glimpse3D-Reconstruct - INFO - Removing background using rembg...
2026-01-17 16:54:31,844 - Glimpse3D-Reconstruct - INFO - Running inference...
2026-01-17 16:54:38,874 - Glimpse3D-Reconstruct - INFO - Sampling points and exporting to E:\SEM 3\EL\Glimpse3D\assets\outputs\gen_157543\reconstructed.ply...
2026-01-17 16:54:38,995 - Glimpse3D-Reconstruct - INFO - Generated 100000 Gaussians.
2026-01-17 16:54:39,190 - Glimpse3D-Reconstruct - INFO - PLY saved to E:\SEM 3\EL\Glimpse3D\assets\outputs\gen_157543\reconstructed.ply
2026-01-17 16:54:39,195 - Glimpse3D-Reconstruct - INFO - Reconstruction Complete!
2026-01-17 16:54:52,227 - Glimpse3D-Train - INFO - === Phase 1: Cold Start Reconstruction ===
2026-01-17 16:54:52,227 - Glimpse3D-Train - INFO - Initial PLY found at E:\SEM 3\EL\Glimpse3D\assets\outputs\gen_157543\reconstructed.ply, skipping reconstruction.
2026-01-17 16:54:52,227 - Glimpse3D-Train - INFO - === Phase 3: Optimization Loop ===
2026-01-17 16:54:52,227 - Glimpse3D-Train - INFO - Loading Gaussian Model from E:\SEM 3\EL\Glimpse3D\assets\outputs\gen_157543\reconstructed.ply
2026-01-17 16:56:39,757 - Glimpse3D-Reconstruct - INFO - Starting Reconstruction Pipeline...
2026-01-17 16:56:39,757 - Glimpse3D-Reconstruct - INFO - Loading TripoSR model...
2026-01-17 16:57:04,848 - Glimpse3D-Reconstruct - INFO - Model loaded successfully on cuda:0
2026-01-17 16:57:04,848 - Glimpse3D-Reconstruct - INFO - Preprocessing image: E:\SEM 3\EL\Glimpse3D\assets\uploads\-6576181226035178052_chair.jpg
2026-01-17 16:57:04,915 - Glimpse3D-Reconstruct - INFO - Removing background using rembg...
2026-01-17 16:57:09,865 - Glimpse3D-Reconstruct - INFO - Running inference...
2026-01-17 16:57:17,477 - Glimpse3D-Reconstruct - INFO - Sampling points and exporting to E:\SEM 3\EL\Glimpse3D\assets\outputs\gen_973503\reconstructed.ply...
2026-01-17 16:57:17,626 - Glimpse3D-Reconstruct - INFO - Generated 100000 Gaussians.
2026-01-17 16:57:17,838 - Glimpse3D-Reconstruct - INFO - PLY saved to E:\SEM 3\EL\Glimpse3D\assets\outputs\gen_973503\reconstructed.ply
2026-01-17 16:57:17,843 - Glimpse3D-Reconstruct - INFO - Reconstruction Complete!
2026-01-17 16:57:31,530 - Glimpse3D-Train - INFO - === Phase 1: Cold Start Reconstruction ===
2026-01-17 16:57:31,535 - Glimpse3D-Train - INFO - Initial PLY found at E:\SEM 3\EL\Glimpse3D\assets\outputs\gen_973503\reconstructed.ply, skipping reconstruction.
2026-01-17 16:57:31,535 - Glimpse3D-Train - INFO - === Phase 3: Optimization Loop ===
2026-01-17 16:57:31,535 - Glimpse3D-Train - INFO - Loading Gaussian Model from E:\SEM 3\EL\Glimpse3D\assets\outputs\gen_973503\reconstructed.ply
2026-01-17 17:01:13,911 - Glimpse3D-Reconstruct - INFO - Starting Reconstruction Pipeline...
2026-01-17 17:01:13,911 - Glimpse3D-Reconstruct - INFO - Loading TripoSR model...
2026-01-17 17:01:53,699 - Glimpse3D-Reconstruct - INFO - Model loaded successfully on cuda:0
2026-01-17 17:01:53,705 - Glimpse3D-Reconstruct - INFO - Preprocessing image: E:\SEM 3\EL\Glimpse3D\assets\uploads\-6576181226035178052_chair.jpg
2026-01-17 17:01:53,848 - Glimpse3D-Reconstruct - INFO - Removing background using rembg...
2026-01-17 17:02:01,937 - Glimpse3D-Reconstruct - INFO - Running inference...
2026-01-17 17:02:09,804 - Glimpse3D-Reconstruct - INFO - Sampling points and exporting to E:\SEM 3\EL\Glimpse3D\assets\outputs\gen_973503\reconstructed.ply...
2026-01-17 17:02:09,960 - Glimpse3D-Reconstruct - INFO - Generated 100000 Gaussians.
2026-01-17 17:02:10,196 - Glimpse3D-Reconstruct - INFO - PLY saved to E:\SEM 3\EL\Glimpse3D\assets\outputs\gen_973503\reconstructed.ply
2026-01-17 17:02:10,200 - Glimpse3D-Reconstruct - INFO - Reconstruction Complete!
2026-01-17 17:02:30,577 - Glimpse3D-Train - INFO - === Phase 1: Cold Start Reconstruction ===
2026-01-17 17:02:30,577 - Glimpse3D-Train - INFO - Initial PLY found at E:\SEM 3\EL\Glimpse3D\assets\outputs\gen_973503\reconstructed.ply, skipping reconstruction.
2026-01-17 17:02:30,577 - Glimpse3D-Train - INFO - === Phase 3: Optimization Loop ===
2026-01-17 17:02:30,577 - Glimpse3D-Train - INFO - Loading Gaussian Model from E:\SEM 3\EL\Glimpse3D\assets\outputs\gen_973503\reconstructed.ply
2026-01-17 17:16:15,506 - Glimpse3D-Reconstruct - INFO - Starting Reconstruction Pipeline...
2026-01-17 17:16:15,506 - Glimpse3D-Reconstruct - INFO - Loading TripoSR model...
2026-01-17 17:16:33,997 - Glimpse3D-Reconstruct - INFO - Model loaded successfully on cuda:0
2026-01-17 17:16:33,998 - Glimpse3D-Reconstruct - INFO - Preprocessing image: E:\SEM 3\EL\Glimpse3D\assets\uploads\-6576181226035178052_chair.jpg
2026-01-17 17:16:34,045 - Glimpse3D-Reconstruct - INFO - Removing background using rembg...
2026-01-17 17:16:36,935 - Glimpse3D-Reconstruct - INFO - Running inference...
2026-01-17 17:16:44,032 - Glimpse3D-Reconstruct - INFO - Sampling points and exporting to E:\SEM 3\EL\Glimpse3D\assets\outputs\gen_973503\reconstructed.ply...
2026-01-17 17:16:44,163 - Glimpse3D-Reconstruct - INFO - Generated 100000 Gaussians.
2026-01-17 17:16:44,345 - Glimpse3D-Reconstruct - INFO - PLY saved to E:\SEM 3\EL\Glimpse3D\assets\outputs\gen_973503\reconstructed.ply
2026-01-17 17:16:44,349 - Glimpse3D-Reconstruct - INFO - Reconstruction Complete!
2026-01-17 17:20:06,573 - Glimpse3D-Reconstruct - INFO - Starting Reconstruction Pipeline...
2026-01-17 17:20:06,574 - Glimpse3D-Reconstruct - INFO - Loading TripoSR model...
2026-01-17 17:20:33,753 - Glimpse3D-Reconstruct - INFO - Model loaded successfully on cuda:0
2026-01-17 17:20:33,754 - Glimpse3D-Reconstruct - INFO - Preprocessing image: E:\SEM 3\EL\Glimpse3D\assets\uploads\-8488554540593206122_chair.jpg
2026-01-17 17:20:33,804 - Glimpse3D-Reconstruct - INFO - Removing background using rembg...
2026-01-17 17:20:36,781 - Glimpse3D-Reconstruct - INFO - Running inference...
2026-01-17 17:20:43,759 - Glimpse3D-Reconstruct - INFO - Sampling points and exporting to E:\SEM 3\EL\Glimpse3D\assets\outputs\gen_561044\reconstructed.ply...
2026-01-17 17:20:43,879 - Glimpse3D-Reconstruct - INFO - Generated 100000 Gaussians.
2026-01-17 17:20:44,060 - Glimpse3D-Reconstruct - INFO - PLY saved to E:\SEM 3\EL\Glimpse3D\assets\outputs\gen_561044\reconstructed.ply
2026-01-17 17:20:44,065 - Glimpse3D-Reconstruct - INFO - Reconstruction Complete!
2026-01-17 17:30:15,196 - Glimpse3D-Train - WARNING - SyncDreamer utils not found (No module named 'clip'). Multi-view refinement will be disabled.
2026-01-17 17:30:15,200 - Glimpse3D-Train - INFO - === Phase 1: Cold Start Reconstruction ===
2026-01-17 17:30:15,200 - Glimpse3D-Train - INFO - Initial PLY found at E:\SEM 3\EL\Glimpse3D\assets\outputs\gen_561044\reconstructed.ply, skipping reconstruction.
2026-01-17 17:30:15,200 - Glimpse3D-Train - INFO - === Phase 3: Optimization Loop ===
2026-01-17 17:30:15,200 - Glimpse3D-Train - INFO - Loading Gaussian Model from E:\SEM 3\EL\Glimpse3D\assets\outputs\gen_561044\reconstructed.ply
